0 info it worked if it ends with ok
1 verbose cli [ '/usr/local/Cellar/node/5.10.1/bin/node',
1 verbose cli   '/Users/maxime_beauchemin/.npm-packages/bin/npm',
1 verbose cli   'run',
1 verbose cli   'lint' ]
2 info using npm@3.10.5
3 info using node@v5.10.1
4 verbose run-script [ 'prelint', 'lint', 'postlint' ]
5 info lifecycle superset@0.12.0~prelint: superset@0.12.0
6 silly lifecycle superset@0.12.0~prelint: no script for prelint, continuing
7 info lifecycle superset@0.12.0~lint: superset@0.12.0
8 verbose lifecycle superset@0.12.0~lint: unsafe-perm in lifecycle true
9 verbose lifecycle superset@0.12.0~lint: PATH: /Users/maxime_beauchemin/.npm-packages/lib/node_modules/npm/bin/node-gyp-bin:/Users/maxime_beauchemin/code/superset/superset/assets/node_modules/.bin:/usr/local/Cellar/node/5.10.1/bin:/Users/maxime_beauchemin/code/superset/env_py3/bin:/Users/maxime_beauchemin/.npm-packages/bin:/Library/Frameworks/Python.framework/Versions/3.5/bin:/usr/local/bin:/usr/local/bin:/usr/bin:/bin:/usr/sbin:/sbin:/opt/X11/bin:/opt/airbnb/bin:/usr/local/munki:/usr/local/osquery/bin:/opt/puppetlabs/bin:/Users/maxime_beauchemin/.npm-packages/bin:/Library/Frameworks/Python.framework/Versions/3.5/bin:/Users/maxime_beauchemin/code/Airflow/airflow/bin:/Users/maxime_beauchemin/code/Airflow/airflow/bin
10 verbose lifecycle superset@0.12.0~lint: CWD: /Users/maxime_beauchemin/code/superset/superset/assets
11 silly lifecycle superset@0.12.0~lint: Args: [ '-c', 'eslint --ignore-path=.eslintignore --ext .js,.jsx .' ]
12 silly lifecycle superset@0.12.0~lint: Returned: code: 1  signal: null
13 info lifecycle superset@0.12.0~lint: Failed to exec lint script
14 verbose stack Error: superset@0.12.0 lint: `eslint --ignore-path=.eslintignore --ext .js,.jsx .`
14 verbose stack Exit status 1
14 verbose stack     at EventEmitter.<anonymous> (/Users/maxime_beauchemin/.npm-packages/lib/node_modules/npm/lib/utils/lifecycle.js:242:16)
14 verbose stack     at emitTwo (events.js:100:13)
14 verbose stack     at EventEmitter.emit (events.js:185:7)
14 verbose stack     at ChildProcess.<anonymous> (/Users/maxime_beauchemin/.npm-packages/lib/node_modules/npm/lib/utils/spawn.js:40:14)
14 verbose stack     at emitTwo (events.js:100:13)
14 verbose stack     at ChildProcess.emit (events.js:185:7)
14 verbose stack     at maybeClose (internal/child_process.js:850:16)
14 verbose stack     at Process.ChildProcess._handle.onexit (internal/child_process.js:215:5)
15 verbose pkgid superset@0.12.0
16 verbose cwd /Users/maxime_beauchemin/code/superset/superset/assets/javascripts/SqlLab
17 error Darwin 15.6.0
18 error argv "/usr/local/Cellar/node/5.10.1/bin/node" "/Users/maxime_beauchemin/.npm-packages/bin/npm" "run" "lint"
19 error node v5.10.1
20 error npm  v3.10.5
21 error code ELIFECYCLE
22 error superset@0.12.0 lint: `eslint --ignore-path=.eslintignore --ext .js,.jsx .`
22 error Exit status 1
23 error Failed at the superset@0.12.0 lint script 'eslint --ignore-path=.eslintignore --ext .js,.jsx .'.
23 error Make sure you have the latest version of node.js and npm installed.
23 error If you do, this is most likely a problem with the superset package,
23 error not with npm itself.
23 error Tell the author that this fails on your system:
23 error     eslint --ignore-path=.eslintignore --ext .js,.jsx .
23 error You can get information on how to open an issue for this project with:
23 error     npm bugs superset
23 error Or if that isn't available, you can get their info via:
23 error     npm owner ls superset
23 error There is likely additional logging output above.
24 verbose exit [ 1, true ]
