2023-08-16 16:22:56,521 - superset.custom.email_scheduler.custom_route - level=INFO - (custom_route.py).FileUploadAndEmailSending(24) - superset custom email sending api called...
2023-08-16 16:22:56,522 - superset.utils.logging_configurator - level=INFO - (logging_configurator.py).configure_logging(68) - logging was configured successfully
2023-08-16 16:22:56,527 - root - level=INFO - (log.py).get_event_logger_from_cfg_value(316) - Configured event logger of type <class 'superset.utils.log.DBEventLogger'>
2023-08-16 16:22:57,614 - werkzeug - level=INFO - (_internal.py)._log(186) - [31m[1mWARNING: This is a development server. Do not use it in a production deployment. Use a production WSGI server instead.[0m
 * Running on http://127.0.0.1:5000
2023-08-16 16:22:57,614 - werkzeug - level=INFO - (_internal.py)._log(186) - [33mPress CTRL+C to quit[0m
2023-08-16 16:22:57,615 - werkzeug - level=INFO - (_internal.py)._log(186) -  * Restarting with stat
2023-08-16 16:22:59,285 - superset.custom.email_scheduler.custom_route - level=INFO - (custom_route.py).FileUploadAndEmailSending(24) - superset custom email sending api called...
2023-08-16 16:22:59,287 - superset.utils.logging_configurator - level=INFO - (logging_configurator.py).configure_logging(68) - logging was configured successfully
2023-08-16 16:22:59,292 - root - level=INFO - (log.py).get_event_logger_from_cfg_value(316) - Configured event logger of type <class 'superset.utils.log.DBEventLogger'>
2023-08-16 16:23:00,363 - werkzeug - level=WARNING - (_internal.py)._log(186) -  * Debugger is active!
2023-08-16 16:23:00,364 - werkzeug - level=INFO - (_internal.py)._log(186) -  * Debugger PIN: 674-475-411
2023-08-16 16:28:39,774 - superset.custom.email_scheduler.custom_route - level=INFO - (custom_route.py).FileUploadAndEmailSending(24) - superset custom email sending api called...
2023-08-16 16:28:39,775 - superset.utils.logging_configurator - level=INFO - (logging_configurator.py).configure_logging(68) - logging was configured successfully
2023-08-16 16:28:39,781 - root - level=INFO - (log.py).get_event_logger_from_cfg_value(316) - Configured event logger of type <class 'superset.utils.log.DBEventLogger'>
2023-08-16 16:28:40,924 - werkzeug - level=INFO - (_internal.py)._log(186) - [31m[1mWARNING: This is a development server. Do not use it in a production deployment. Use a production WSGI server instead.[0m
 * Running on http://127.0.0.1:5000
2023-08-16 16:28:40,924 - werkzeug - level=INFO - (_internal.py)._log(186) - [33mPress CTRL+C to quit[0m
2023-08-16 16:28:40,925 - werkzeug - level=INFO - (_internal.py)._log(186) -  * Restarting with stat
2023-08-16 16:28:42,545 - superset.custom.email_scheduler.custom_route - level=INFO - (custom_route.py).FileUploadAndEmailSending(24) - superset custom email sending api called...
2023-08-16 16:28:42,546 - superset.utils.logging_configurator - level=INFO - (logging_configurator.py).configure_logging(68) - logging was configured successfully
2023-08-16 16:28:42,553 - root - level=INFO - (log.py).get_event_logger_from_cfg_value(316) - Configured event logger of type <class 'superset.utils.log.DBEventLogger'>
2023-08-16 16:28:43,616 - werkzeug - level=WARNING - (_internal.py)._log(186) -  * Debugger is active!
2023-08-16 16:28:43,616 - werkzeug - level=INFO - (_internal.py)._log(186) -  * Debugger PIN: 741-708-878
2023-08-16 16:29:08,272 - superset.custom.email_scheduler.custom_route - level=INFO - (custom_route.py).FileUploadAndEmailSending(24) - superset custom email sending api called...
2023-08-16 16:29:08,273 - superset.utils.logging_configurator - level=INFO - (logging_configurator.py).configure_logging(68) - logging was configured successfully
2023-08-16 16:29:08,277 - root - level=INFO - (log.py).get_event_logger_from_cfg_value(316) - Configured event logger of type <class 'superset.utils.log.DBEventLogger'>
2023-08-16 16:29:09,382 - werkzeug - level=INFO - (_internal.py)._log(186) - [31m[1mWARNING: This is a development server. Do not use it in a production deployment. Use a production WSGI server instead.[0m
 * Running on http://127.0.0.1:8088
2023-08-16 16:29:09,383 - werkzeug - level=INFO - (_internal.py)._log(186) - [33mPress CTRL+C to quit[0m
2023-08-16 16:29:09,383 - werkzeug - level=INFO - (_internal.py)._log(186) -  * Restarting with stat
2023-08-16 16:29:11,006 - superset.custom.email_scheduler.custom_route - level=INFO - (custom_route.py).FileUploadAndEmailSending(24) - superset custom email sending api called...
2023-08-16 16:29:11,006 - superset.utils.logging_configurator - level=INFO - (logging_configurator.py).configure_logging(68) - logging was configured successfully
2023-08-16 16:29:11,018 - root - level=INFO - (log.py).get_event_logger_from_cfg_value(316) - Configured event logger of type <class 'superset.utils.log.DBEventLogger'>
2023-08-16 16:29:12,068 - werkzeug - level=WARNING - (_internal.py)._log(186) -  * Debugger is active!
2023-08-16 16:29:12,069 - werkzeug - level=INFO - (_internal.py)._log(186) -  * Debugger PIN: 741-708-878
2023-08-16 16:31:57,275 - werkzeug - level=INFO - (_internal.py)._log(186) -  * Detected change in '/home/bipin/reporting-tool/reporting-tool-python/superset/superset_config.py', reloading
2023-08-16 16:31:57,752 - werkzeug - level=INFO - (_internal.py)._log(186) -  * Restarting with stat
2023-08-16 16:31:59,417 - superset.custom.email_scheduler.custom_route - level=INFO - (custom_route.py).FileUploadAndEmailSending(24) - superset custom email sending api called...
2023-08-16 16:31:59,418 - superset.utils.logging_configurator - level=INFO - (logging_configurator.py).configure_logging(68) - logging was configured successfully
2023-08-16 16:31:59,422 - root - level=INFO - (log.py).get_event_logger_from_cfg_value(316) - Configured event logger of type <class 'superset.utils.log.DBEventLogger'>
2023-08-16 16:31:59,432 - flask_appbuilder.security.sqla.manager - level=ERROR - (manager.py).create_db(114) - DB Creation and initialization failed: (sqlite3.OperationalError) unable to open database file
(Background on this error at: https://sqlalche.me/e/14/e3q8)
2023-08-16 16:32:07,722 - superset.custom.email_scheduler.custom_route - level=INFO - (custom_route.py).FileUploadAndEmailSending(24) - superset custom email sending api called...
2023-08-16 16:32:07,722 - superset.utils.logging_configurator - level=INFO - (logging_configurator.py).configure_logging(68) - logging was configured successfully
2023-08-16 16:32:07,731 - root - level=INFO - (log.py).get_event_logger_from_cfg_value(316) - Configured event logger of type <class 'superset.utils.log.DBEventLogger'>
2023-08-16 16:32:07,737 - flask_appbuilder.security.sqla.manager - level=ERROR - (manager.py).create_db(114) - DB Creation and initialization failed: (sqlite3.OperationalError) unable to open database file
(Background on this error at: https://sqlalche.me/e/14/e3q8)
2023-08-16 16:32:15,820 - superset.custom.email_scheduler.custom_route - level=INFO - (custom_route.py).FileUploadAndEmailSending(24) - superset custom email sending api called...
2023-08-16 16:32:15,821 - superset.utils.logging_configurator - level=INFO - (logging_configurator.py).configure_logging(68) - logging was configured successfully
2023-08-16 16:32:15,828 - root - level=INFO - (log.py).get_event_logger_from_cfg_value(316) - Configured event logger of type <class 'superset.utils.log.DBEventLogger'>
2023-08-16 16:32:16,903 - werkzeug - level=INFO - (_internal.py)._log(186) - [31m[1mWARNING: This is a development server. Do not use it in a production deployment. Use a production WSGI server instead.[0m
 * Running on http://127.0.0.1:8088
2023-08-16 16:32:16,903 - werkzeug - level=INFO - (_internal.py)._log(186) - [33mPress CTRL+C to quit[0m
2023-08-16 16:32:16,903 - werkzeug - level=INFO - (_internal.py)._log(186) -  * Restarting with stat
2023-08-16 16:32:18,525 - superset.custom.email_scheduler.custom_route - level=INFO - (custom_route.py).FileUploadAndEmailSending(24) - superset custom email sending api called...
2023-08-16 16:32:18,526 - superset.utils.logging_configurator - level=INFO - (logging_configurator.py).configure_logging(68) - logging was configured successfully
2023-08-16 16:32:18,533 - root - level=INFO - (log.py).get_event_logger_from_cfg_value(316) - Configured event logger of type <class 'superset.utils.log.DBEventLogger'>
2023-08-16 16:32:19,599 - werkzeug - level=WARNING - (_internal.py)._log(186) -  * Debugger is active!
2023-08-16 16:32:19,599 - werkzeug - level=INFO - (_internal.py)._log(186) -  * Debugger PIN: 741-708-878
2023-08-16 17:13:56,717 - superset.custom.email_scheduler.custom_route - level=INFO - (custom_route.py).FileUploadAndEmailSending(24) - superset custom email sending api called...
2023-08-16 17:13:56,718 - superset.utils.logging_configurator - level=INFO - (logging_configurator.py).configure_logging(68) - logging was configured successfully
2023-08-16 17:13:56,722 - root - level=INFO - (log.py).get_event_logger_from_cfg_value(316) - Configured event logger of type <class 'superset.utils.log.DBEventLogger'>
2023-08-16 17:13:57,656 - werkzeug - level=INFO - (_internal.py)._log(186) - [31m[1mWARNING: This is a development server. Do not use it in a production deployment. Use a production WSGI server instead.[0m
 * Running on http://127.0.0.1:8088
2023-08-16 17:13:57,656 - werkzeug - level=INFO - (_internal.py)._log(186) - [33mPress CTRL+C to quit[0m
2023-08-16 17:13:57,657 - werkzeug - level=INFO - (_internal.py)._log(186) -  * Restarting with stat
2023-08-16 17:13:59,074 - superset.custom.email_scheduler.custom_route - level=INFO - (custom_route.py).FileUploadAndEmailSending(24) - superset custom email sending api called...
2023-08-16 17:13:59,075 - superset.utils.logging_configurator - level=INFO - (logging_configurator.py).configure_logging(68) - logging was configured successfully
2023-08-16 17:13:59,079 - root - level=INFO - (log.py).get_event_logger_from_cfg_value(316) - Configured event logger of type <class 'superset.utils.log.DBEventLogger'>
2023-08-16 17:14:00,002 - werkzeug - level=WARNING - (_internal.py)._log(186) -  * Debugger is active!
2023-08-16 17:14:00,002 - werkzeug - level=INFO - (_internal.py)._log(186) -  * Debugger PIN: 725-084-071
2023-08-16 17:20:24,585 - superset.custom.email_scheduler.custom_route - level=INFO - (custom_route.py).FileUploadAndEmailSending(24) - superset custom email sending api called...
2023-08-16 17:20:24,585 - superset.utils.logging_configurator - level=INFO - (logging_configurator.py).configure_logging(68) - logging was configured successfully
2023-08-16 17:20:24,590 - root - level=INFO - (log.py).get_event_logger_from_cfg_value(316) - Configured event logger of type <class 'superset.utils.log.DBEventLogger'>
2023-08-16 17:20:25,531 - werkzeug - level=INFO - (_internal.py)._log(186) - [31m[1mWARNING: This is a development server. Do not use it in a production deployment. Use a production WSGI server instead.[0m
 * Running on http://127.0.0.1:8088
2023-08-16 17:20:25,531 - werkzeug - level=INFO - (_internal.py)._log(186) - [33mPress CTRL+C to quit[0m
2023-08-16 17:20:25,532 - werkzeug - level=INFO - (_internal.py)._log(186) -  * Restarting with stat
2023-08-16 17:20:26,979 - superset.custom.email_scheduler.custom_route - level=INFO - (custom_route.py).FileUploadAndEmailSending(24) - superset custom email sending api called...
2023-08-16 17:20:26,979 - superset.utils.logging_configurator - level=INFO - (logging_configurator.py).configure_logging(68) - logging was configured successfully
2023-08-16 17:20:26,984 - root - level=INFO - (log.py).get_event_logger_from_cfg_value(316) - Configured event logger of type <class 'superset.utils.log.DBEventLogger'>
2023-08-16 17:20:27,926 - werkzeug - level=WARNING - (_internal.py)._log(186) -  * Debugger is active!
2023-08-16 17:20:27,926 - werkzeug - level=INFO - (_internal.py)._log(186) -  * Debugger PIN: 725-084-071
